<?xml version="1.0" encoding="UTF-8"?>
<coverage generated="1655926841932" clover="3.2.0">
  <project timestamp="1655926841932" name="All files">
    <metrics statements="72" coveredstatements="58" conditionals="22" coveredconditionals="15" methods="17" coveredmethods="11" elements="111" coveredelements="84" complexity="0" loc="72" ncloc="72" packages="2" files="5" classes="5"/>
    <package name="src">
      <metrics statements="19" coveredstatements="10" conditionals="8" coveredconditionals="2" methods="5" coveredmethods="1"/>
      <file name="flache.js" path="/Users/jacobpolicano/OSP/flachejs/src/flache.js">
        <metrics statements="19" coveredstatements="10" conditionals="8" coveredconditionals="2" methods="5" coveredmethods="1"/>
        <line num="18" count="3" type="stmt"/>
        <line num="37" count="3" type="stmt"/>
        <line num="43" count="3" type="stmt"/>
        <line num="50" count="3" type="cond" truecount="1" falsecount="1"/>
        <line num="51" count="3" type="stmt"/>
        <line num="52" count="3" type="stmt"/>
        <line num="57" count="0" type="stmt"/>
        <line num="58" count="0" type="stmt"/>
        <line num="63" count="0" type="stmt"/>
        <line num="64" count="0" type="stmt"/>
        <line num="65" count="0" type="cond" truecount="0" falsecount="2"/>
        <line num="66" count="0" type="stmt"/>
        <line num="69" count="0" type="stmt"/>
        <line num="74" count="0" type="cond" truecount="0" falsecount="2"/>
        <line num="78" count="0" type="stmt"/>
        <line num="82" count="3" type="stmt"/>
        <line num="83" count="3" type="stmt"/>
        <line num="84" count="3" type="stmt"/>
        <line num="85" count="3" type="stmt"/>
      </file>
    </package>
    <package name="src.helpers">
      <metrics statements="53" coveredstatements="48" conditionals="14" coveredconditionals="13" methods="12" coveredmethods="10"/>
      <file name="flacheRequest.js" path="/Users/jacobpolicano/OSP/flachejs/src/helpers/flacheRequest.js">
        <metrics statements="16" coveredstatements="15" conditionals="6" coveredconditionals="6" methods="3" coveredmethods="2"/>
        <line num="9" count="3" type="stmt"/>
        <line num="25" count="3" type="stmt"/>
        <line num="26" count="13" type="stmt"/>
        <line num="31" count="13" type="stmt"/>
        <line num="33" count="13" type="stmt"/>
        <line num="35" count="13" type="cond" truecount="2" falsecount="0"/>
        <line num="37" count="2" type="stmt"/>
        <line num="39" count="0" type="stmt"/>
        <line num="44" count="13" type="cond" truecount="2" falsecount="0"/>
        <line num="45" count="11" type="stmt"/>
        <line num="48" count="11" type="cond" truecount="2" falsecount="0"/>
        <line num="49" count="3" type="stmt"/>
        <line num="52" count="8" type="stmt"/>
        <line num="53" count="8" type="stmt"/>
        <line num="55" count="8" type="stmt"/>
        <line num="58" count="2" type="stmt"/>
      </file>
      <file name="generateKey.js" path="/Users/jacobpolicano/OSP/flachejs/src/helpers/generateKey.js">
        <metrics statements="7" coveredstatements="7" conditionals="6" coveredconditionals="5" methods="1" coveredmethods="1"/>
        <line num="32" count="4" type="stmt"/>
        <line num="34" count="23" type="stmt"/>
        <line num="35" count="23" type="cond" truecount="2" falsecount="0"/>
        <line num="36" count="13" type="stmt"/>
        <line num="38" count="10" type="cond" truecount="1" falsecount="1"/>
        <line num="39" count="10" type="cond" truecount="2" falsecount="0"/>
        <line num="40" count="8" type="stmt"/>
      </file>
      <file name="serverRequest.js" path="/Users/jacobpolicano/OSP/flachejs/src/helpers/serverRequest.js">
        <metrics statements="25" coveredstatements="21" conditionals="0" coveredconditionals="0" methods="7" coveredmethods="6"/>
        <line num="8" count="11" type="stmt"/>
        <line num="10" count="11" type="stmt"/>
        <line num="11" count="11" type="stmt"/>
        <line num="12" count="0" type="stmt"/>
        <line num="13" count="11" type="stmt"/>
        <line num="18" count="11" type="stmt"/>
        <line num="19" count="11" type="stmt"/>
        <line num="20" count="8" type="stmt"/>
        <line num="22" count="3" type="stmt"/>
        <line num="23" count="3" type="stmt"/>
        <line num="29" count="3" type="stmt"/>
        <line num="30" count="3" type="stmt"/>
        <line num="31" count="0" type="stmt"/>
        <line num="33" count="3" type="stmt"/>
        <line num="34" count="3" type="stmt"/>
        <line num="39" count="3" type="stmt"/>
        <line num="40" count="3" type="stmt"/>
        <line num="41" count="0" type="stmt"/>
        <line num="43" count="3" type="stmt"/>
        <line num="44" count="3" type="stmt"/>
        <line num="49" count="3" type="stmt"/>
        <line num="50" count="3" type="stmt"/>
        <line num="51" count="0" type="stmt"/>
        <line num="53" count="3" type="stmt"/>
        <line num="54" count="3" type="stmt"/>
      </file>
      <file name="validateCache.js" path="/Users/jacobpolicano/OSP/flachejs/src/helpers/validateCache.js">
        <metrics statements="5" coveredstatements="5" conditionals="2" coveredconditionals="2" methods="1" coveredmethods="1"/>
        <line num="9" count="5" type="cond" truecount="2" falsecount="0"/>
        <line num="10" count="1" type="stmt"/>
        <line num="12" count="1" type="stmt"/>
        <line num="13" count="1" type="stmt"/>
        <line num="14" count="4" type="stmt"/>
      </file>
    </package>
  </project>
</coverage>
