{"/Users/jasmair/Codebase/CodeSmith/flachejs/src/flache.js": {"path":"/Users/jasmair/Codebase/CodeSmith/flachejs/src/flache.js","statementMap":{"0":{"start":{"line":18,"column":23},"end":{"line":31,"column":1}},"1":{"start":{"line":37,"column":4},"end":{"line":40,"column":7}},"2":{"start":{"line":43,"column":4},"end":{"line":48,"column":6}},"3":{"start":{"line":50,"column":4},"end":{"line":50,"column":49}},"4":{"start":{"line":51,"column":4},"end":{"line":51,"column":43}},"5":{"start":{"line":52,"column":4},"end":{"line":52,"column":52}},"6":{"start":{"line":57,"column":17},"end":{"line":57,"column":40}},"7":{"start":{"line":58,"column":4},"end":{"line":58,"column":29}},"8":{"start":{"line":63,"column":18},"end":{"line":63,"column":28}},"9":{"start":{"line":64,"column":4},"end":{"line":70,"column":6}},"10":{"start":{"line":65,"column":6},"end":{"line":67,"column":7}},"11":{"start":{"line":66,"column":8},"end":{"line":66,"column":26}},"12":{"start":{"line":69,"column":6},"end":{"line":69,"column":38}},"13":{"start":{"line":74,"column":4},"end":{"line":76,"column":5}},"14":{"start":{"line":78,"column":4},"end":{"line":78,"column":11}},"15":{"start":{"line":82,"column":0},"end":{"line":82,"column":52}},"16":{"start":{"line":83,"column":0},"end":{"line":83,"column":48}},"17":{"start":{"line":84,"column":0},"end":{"line":84,"column":52}},"18":{"start":{"line":85,"column":0},"end":{"line":85,"column":56}}},"fnMap":{"0":{"name":"(anonymous_0)","decl":{"start":{"line":34,"column":2},"end":{"line":34,"column":3}},"loc":{"start":{"line":34,"column":40},"end":{"line":53,"column":3}},"line":34},"1":{"name":"(anonymous_1)","decl":{"start":{"line":56,"column":2},"end":{"line":56,"column":3}},"loc":{"start":{"line":56,"column":18},"end":{"line":59,"column":3}},"line":56},"2":{"name":"(anonymous_2)","decl":{"start":{"line":62,"column":2},"end":{"line":62,"column":3}},"loc":{"start":{"line":62,"column":22},"end":{"line":71,"column":3}},"line":62},"3":{"name":"(anonymous_3)","decl":{"start":{"line":64,"column":37},"end":{"line":64,"column":38}},"loc":{"start":{"line":64,"column":53},"end":{"line":70,"column":5}},"line":64},"4":{"name":"(anonymous_4)","decl":{"start":{"line":73,"column":2},"end":{"line":73,"column":3}},"loc":{"start":{"line":73,"column":32},"end":{"line":79,"column":3}},"line":73}},"branchMap":{"0":{"loc":{"start":{"line":34,"column":14},"end":{"line":34,"column":38}},"type":"default-arg","locations":[{"start":{"line":34,"column":24},"end":{"line":34,"column":38}}],"line":34},"1":{"loc":{"start":{"line":50,"column":15},"end":{"line":50,"column":48}},"type":"binary-expr","locations":[{"start":{"line":50,"column":15},"end":{"line":50,"column":26}},{"start":{"line":50,"column":30},"end":{"line":50,"column":48}}],"line":50},"2":{"loc":{"start":{"line":65,"column":6},"end":{"line":67,"column":7}},"type":"if","locations":[{"start":{"line":65,"column":6},"end":{"line":67,"column":7}},{"start":{},"end":{}}],"line":65},"3":{"loc":{"start":{"line":73,"column":15},"end":{"line":73,"column":30}},"type":"default-arg","locations":[{"start":{"line":73,"column":25},"end":{"line":73,"column":30}}],"line":73},"4":{"loc":{"start":{"line":74,"column":4},"end":{"line":76,"column":5}},"type":"if","locations":[{"start":{"line":74,"column":4},"end":{"line":76,"column":5}},{"start":{},"end":{}}],"line":74}},"s":{"0":1,"1":0,"2":0,"3":0,"4":0,"5":0,"6":0,"7":0,"8":0,"9":0,"10":0,"11":0,"12":0,"13":0,"14":0,"15":1,"16":1,"17":1,"18":1},"f":{"0":0,"1":0,"2":0,"3":0,"4":0},"b":{"0":[0],"1":[0,0],"2":[0,0],"3":[0],"4":[0,0]},"_coverageSchema":"1a1c01bbd47fc00a2c39e90264f33305004495a9","hash":"a244d8466d002280c8786c8b63b25997619bd641"}
,"/Users/jasmair/Codebase/CodeSmith/flachejs/src/helpers/flacheRequest.js": {"path":"/Users/jasmair/Codebase/CodeSmith/flachejs/src/helpers/flacheRequest.js","statementMap":{"0":{"start":{"line":9,"column":23},"end":{"line":20,"column":3}},"1":{"start":{"line":25,"column":22},"end":{"line":60,"column":1}},"2":{"start":{"line":26,"column":2},"end":{"line":29,"column":3}},"3":{"start":{"line":31,"column":18},"end":{"line":31,"column":43}},"4":{"start":{"line":33,"column":23},"end":{"line":39,"column":23}},"5":{"start":{"line":35,"column":8},"end":{"line":35,"column":31}},"6":{"start":{"line":35,"column":19},"end":{"line":35,"column":31}},"7":{"start":{"line":37,"column":8},"end":{"line":37,"column":51}},"8":{"start":{"line":39,"column":19},"end":{"line":39,"column":22}},"9":{"start":{"line":44,"column":2},"end":{"line":57,"column":3}},"10":{"start":{"line":45,"column":22},"end":{"line":45,"column":62}},"11":{"start":{"line":46,"column":4},"end":{"line":46,"column":26}},"12":{"start":{"line":49,"column":4},"end":{"line":51,"column":5}},"13":{"start":{"line":50,"column":6},"end":{"line":50,"column":18}},"14":{"start":{"line":53,"column":4},"end":{"line":53,"column":41}},"15":{"start":{"line":54,"column":4},"end":{"line":54,"column":51}},"16":{"start":{"line":56,"column":4},"end":{"line":56,"column":26}},"17":{"start":{"line":59,"column":2},"end":{"line":59,"column":26}}},"fnMap":{"0":{"name":"(anonymous_0)","decl":{"start":{"line":25,"column":22},"end":{"line":25,"column":23}},"loc":{"start":{"line":25,"column":52},"end":{"line":60,"column":1}},"line":25},"1":{"name":"(anonymous_1)","decl":{"start":{"line":34,"column":11},"end":{"line":34,"column":12}},"loc":{"start":{"line":34,"column":21},"end":{"line":38,"column":6}},"line":34},"2":{"name":"(anonymous_2)","decl":{"start":{"line":39,"column":12},"end":{"line":39,"column":13}},"loc":{"start":{"line":39,"column":19},"end":{"line":39,"column":22}},"line":39}},"branchMap":{"0":{"loc":{"start":{"line":35,"column":8},"end":{"line":35,"column":31}},"type":"if","locations":[{"start":{"line":35,"column":8},"end":{"line":35,"column":31}},{"start":{},"end":{}}],"line":35},"1":{"loc":{"start":{"line":44,"column":2},"end":{"line":57,"column":3}},"type":"if","locations":[{"start":{"line":44,"column":2},"end":{"line":57,"column":3}},{"start":{},"end":{}}],"line":44},"2":{"loc":{"start":{"line":49,"column":4},"end":{"line":51,"column":5}},"type":"if","locations":[{"start":{"line":49,"column":4},"end":{"line":51,"column":5}},{"start":{},"end":{}}],"line":49}},"s":{"0":2,"1":2,"2":0,"3":0,"4":0,"5":0,"6":0,"7":0,"8":0,"9":0,"10":0,"11":0,"12":0,"13":0,"14":0,"15":0,"16":0,"17":0},"f":{"0":0,"1":0,"2":0},"b":{"0":[0,0],"1":[0,0],"2":[0,0]},"_coverageSchema":"1a1c01bbd47fc00a2c39e90264f33305004495a9","hash":"10e53b5e3720ecbaa2280b75df65734bddf1bb71"}
,"/Users/jasmair/Codebase/CodeSmith/flachejs/src/helpers/generateKey.js": {"path":"/Users/jasmair/Codebase/CodeSmith/flachejs/src/helpers/generateKey.js","statementMap":{"0":{"start":{"line":30,"column":20},"end":{"line":40,"column":1}},"1":{"start":{"line":32,"column":17},"end":{"line":32,"column":42}},"2":{"start":{"line":33,"column":2},"end":{"line":35,"column":3}},"3":{"start":{"line":34,"column":4},"end":{"line":34,"column":32}},"4":{"start":{"line":36,"column":2},"end":{"line":39,"column":3}},"5":{"start":{"line":37,"column":4},"end":{"line":37,"column":95}},"6":{"start":{"line":37,"column":38},"end":{"line":37,"column":95}},"7":{"start":{"line":38,"column":4},"end":{"line":38,"column":66}}},"fnMap":{"0":{"name":"(anonymous_0)","decl":{"start":{"line":30,"column":20},"end":{"line":30,"column":21}},"loc":{"start":{"line":30,"column":35},"end":{"line":40,"column":1}},"line":30}},"branchMap":{"0":{"loc":{"start":{"line":33,"column":2},"end":{"line":35,"column":3}},"type":"if","locations":[{"start":{"line":33,"column":2},"end":{"line":35,"column":3}},{"start":{},"end":{}}],"line":33},"1":{"loc":{"start":{"line":36,"column":2},"end":{"line":39,"column":3}},"type":"if","locations":[{"start":{"line":36,"column":2},"end":{"line":39,"column":3}},{"start":{},"end":{}}],"line":36},"2":{"loc":{"start":{"line":37,"column":4},"end":{"line":37,"column":95}},"type":"if","locations":[{"start":{"line":37,"column":4},"end":{"line":37,"column":95}},{"start":{},"end":{}}],"line":37}},"s":{"0":3,"1":10,"2":10,"3":3,"4":7,"5":7,"6":2,"7":5},"f":{"0":10},"b":{"0":[3,7],"1":[7,0],"2":[2,5]},"_coverageSchema":"1a1c01bbd47fc00a2c39e90264f33305004495a9","hash":"ab0e555f725810e8c3a532018c0f11bc3884ea25"}
,"/Users/jasmair/Codebase/CodeSmith/flachejs/src/helpers/serverRequest.js": {"path":"/Users/jasmair/Codebase/CodeSmith/flachejs/src/helpers/serverRequest.js","statementMap":{"0":{"start":{"line":8,"column":3},"end":{"line":8,"column":42}},"1":{"start":{"line":10,"column":18},"end":{"line":12,"column":59}},"2":{"start":{"line":11,"column":18},"end":{"line":11,"column":36}},"3":{"start":{"line":12,"column":19},"end":{"line":12,"column":58}},"4":{"start":{"line":13,"column":4},"end":{"line":13,"column":20}},"5":{"start":{"line":18,"column":2},"end":{"line":24,"column":4}},"6":{"start":{"line":19,"column":17},"end":{"line":19,"column":57}},"7":{"start":{"line":20,"column":4},"end":{"line":20,"column":15}},"8":{"start":{"line":22,"column":4},"end":{"line":22,"column":29}},"9":{"start":{"line":23,"column":4},"end":{"line":23,"column":26}},"10":{"start":{"line":29,"column":2},"end":{"line":35,"column":4}},"11":{"start":{"line":30,"column":17},"end":{"line":30,"column":57}},"12":{"start":{"line":31,"column":4},"end":{"line":31,"column":15}},"13":{"start":{"line":33,"column":4},"end":{"line":33,"column":29}},"14":{"start":{"line":34,"column":4},"end":{"line":34,"column":26}},"15":{"start":{"line":39,"column":2},"end":{"line":45,"column":4}},"16":{"start":{"line":40,"column":17},"end":{"line":40,"column":57}},"17":{"start":{"line":41,"column":4},"end":{"line":41,"column":15}},"18":{"start":{"line":43,"column":4},"end":{"line":43,"column":29}},"19":{"start":{"line":44,"column":4},"end":{"line":44,"column":33}},"20":{"start":{"line":49,"column":2},"end":{"line":55,"column":4}},"21":{"start":{"line":50,"column":17},"end":{"line":50,"column":66}},"22":{"start":{"line":51,"column":4},"end":{"line":51,"column":15}},"23":{"start":{"line":53,"column":4},"end":{"line":53,"column":29}},"24":{"start":{"line":54,"column":4},"end":{"line":54,"column":16}}},"fnMap":{"0":{"name":"getFetchRequest","decl":{"start":{"line":7,"column":16},"end":{"line":7,"column":31}},"loc":{"start":{"line":7,"column":46},"end":{"line":14,"column":2}},"line":7},"1":{"name":"(anonymous_1)","decl":{"start":{"line":11,"column":11},"end":{"line":11,"column":12}},"loc":{"start":{"line":11,"column":18},"end":{"line":11,"column":36}},"line":11},"2":{"name":"(anonymous_2)","decl":{"start":{"line":12,"column":12},"end":{"line":12,"column":13}},"loc":{"start":{"line":12,"column":19},"end":{"line":12,"column":58}},"line":12},"3":{"name":"parseResponse","decl":{"start":{"line":17,"column":15},"end":{"line":17,"column":28}},"loc":{"start":{"line":17,"column":34},"end":{"line":25,"column":1}},"line":17},"4":{"name":"parseText","decl":{"start":{"line":28,"column":15},"end":{"line":28,"column":24}},"loc":{"start":{"line":28,"column":30},"end":{"line":36,"column":1}},"line":28},"5":{"name":"parseBlob","decl":{"start":{"line":38,"column":15},"end":{"line":38,"column":24}},"loc":{"start":{"line":38,"column":30},"end":{"line":46,"column":1}},"line":38},"6":{"name":"parseArrayBuffer","decl":{"start":{"line":48,"column":15},"end":{"line":48,"column":31}},"loc":{"start":{"line":48,"column":37},"end":{"line":56,"column":1}},"line":48}},"branchMap":{},"s":{"0":0,"1":0,"2":0,"3":0,"4":0,"5":0,"6":0,"7":0,"8":0,"9":0,"10":0,"11":0,"12":0,"13":0,"14":0,"15":0,"16":0,"17":0,"18":0,"19":0,"20":0,"21":0,"22":0,"23":0,"24":0},"f":{"0":0,"1":0,"2":0,"3":0,"4":0,"5":0,"6":0},"b":{},"_coverageSchema":"1a1c01bbd47fc00a2c39e90264f33305004495a9","hash":"2c304953b56ea6ca6cd945879003f016ed378f1b"}
,"/Users/jasmair/Codebase/CodeSmith/flachejs/src/helpers/validateCache.js": {"path":"/Users/jasmair/Codebase/CodeSmith/flachejs/src/helpers/validateCache.js","statementMap":{"0":{"start":{"line":9,"column":3},"end":{"line":14,"column":23}},"1":{"start":{"line":10,"column":6},"end":{"line":10,"column":41}},"2":{"start":{"line":12,"column":6},"end":{"line":12,"column":45}},"3":{"start":{"line":13,"column":6},"end":{"line":13,"column":18}},"4":{"start":{"line":14,"column":11},"end":{"line":14,"column":23}}},"fnMap":{"0":{"name":"validateCache","decl":{"start":{"line":7,"column":15},"end":{"line":7,"column":28}},"loc":{"start":{"line":7,"column":46},"end":{"line":15,"column":3}},"line":7}},"branchMap":{"0":{"loc":{"start":{"line":9,"column":3},"end":{"line":14,"column":23}},"type":"if","locations":[{"start":{"line":9,"column":3},"end":{"line":14,"column":23}},{"start":{"line":14,"column":11},"end":{"line":14,"column":23}}],"line":9}},"s":{"0":2,"1":0,"2":0,"3":0,"4":2},"f":{"0":2},"b":{"0":[0,2]},"_coverageSchema":"1a1c01bbd47fc00a2c39e90264f33305004495a9","hash":"be6051ce3b27b8f8357d78a80f787312245dd597"}
}
