{"/Users/jacobpolicano/OSP/flachejs/src/flache.js": {"path":"/Users/jacobpolicano/OSP/flachejs/src/flache.js","statementMap":{"0":{"start":{"line":14,"column":23},"end":{"line":27,"column":1}},"1":{"start":{"line":41,"column":4},"end":{"line":44,"column":7}},"2":{"start":{"line":48,"column":4},"end":{"line":53,"column":6}},"3":{"start":{"line":56,"column":4},"end":{"line":56,"column":49}},"4":{"start":{"line":57,"column":4},"end":{"line":57,"column":43}},"5":{"start":{"line":58,"column":4},"end":{"line":58,"column":52}},"6":{"start":{"line":66,"column":17},"end":{"line":66,"column":40}},"7":{"start":{"line":67,"column":4},"end":{"line":67,"column":29}},"8":{"start":{"line":77,"column":18},"end":{"line":77,"column":28}},"9":{"start":{"line":78,"column":4},"end":{"line":84,"column":6}},"10":{"start":{"line":79,"column":6},"end":{"line":81,"column":7}},"11":{"start":{"line":80,"column":8},"end":{"line":80,"column":26}},"12":{"start":{"line":83,"column":6},"end":{"line":83,"column":38}},"13":{"start":{"line":88,"column":4},"end":{"line":90,"column":5}},"14":{"start":{"line":92,"column":4},"end":{"line":92,"column":11}},"15":{"start":{"line":97,"column":0},"end":{"line":97,"column":52}},"16":{"start":{"line":98,"column":0},"end":{"line":98,"column":48}},"17":{"start":{"line":99,"column":0},"end":{"line":99,"column":52}},"18":{"start":{"line":100,"column":0},"end":{"line":100,"column":56}}},"fnMap":{"0":{"name":"(anonymous_0)","decl":{"start":{"line":37,"column":2},"end":{"line":37,"column":3}},"loc":{"start":{"line":37,"column":40},"end":{"line":59,"column":3}},"line":37},"1":{"name":"(anonymous_1)","decl":{"start":{"line":65,"column":2},"end":{"line":65,"column":3}},"loc":{"start":{"line":65,"column":18},"end":{"line":68,"column":3}},"line":65},"2":{"name":"(anonymous_2)","decl":{"start":{"line":76,"column":2},"end":{"line":76,"column":3}},"loc":{"start":{"line":76,"column":22},"end":{"line":85,"column":3}},"line":76},"3":{"name":"(anonymous_3)","decl":{"start":{"line":78,"column":37},"end":{"line":78,"column":38}},"loc":{"start":{"line":78,"column":53},"end":{"line":84,"column":5}},"line":78},"4":{"name":"(anonymous_4)","decl":{"start":{"line":87,"column":2},"end":{"line":87,"column":3}},"loc":{"start":{"line":87,"column":32},"end":{"line":93,"column":3}},"line":87}},"branchMap":{"0":{"loc":{"start":{"line":37,"column":14},"end":{"line":37,"column":38}},"type":"default-arg","locations":[{"start":{"line":37,"column":24},"end":{"line":37,"column":38}}],"line":37},"1":{"loc":{"start":{"line":56,"column":15},"end":{"line":56,"column":48}},"type":"binary-expr","locations":[{"start":{"line":56,"column":15},"end":{"line":56,"column":26}},{"start":{"line":56,"column":30},"end":{"line":56,"column":48}}],"line":56},"2":{"loc":{"start":{"line":79,"column":6},"end":{"line":81,"column":7}},"type":"if","locations":[{"start":{"line":79,"column":6},"end":{"line":81,"column":7}},{"start":{},"end":{}}],"line":79},"3":{"loc":{"start":{"line":87,"column":15},"end":{"line":87,"column":30}},"type":"default-arg","locations":[{"start":{"line":87,"column":25},"end":{"line":87,"column":30}}],"line":87},"4":{"loc":{"start":{"line":88,"column":4},"end":{"line":90,"column":5}},"type":"if","locations":[{"start":{"line":88,"column":4},"end":{"line":90,"column":5}},{"start":{},"end":{}}],"line":88}},"s":{"0":3,"1":3,"2":3,"3":3,"4":3,"5":3,"6":0,"7":0,"8":0,"9":0,"10":0,"11":0,"12":0,"13":0,"14":0,"15":3,"16":3,"17":3,"18":3},"f":{"0":3,"1":0,"2":0,"3":0,"4":0},"b":{"0":[2],"1":[3,0],"2":[0,0],"3":[0],"4":[0,0]},"_coverageSchema":"1a1c01bbd47fc00a2c39e90264f33305004495a9","hash":"7ef61f4de1b9e9fbb386e5769977f151f832c054"}
,"/Users/jacobpolicano/OSP/flachejs/src/helpers/flacheRequest.js": {"path":"/Users/jacobpolicano/OSP/flachejs/src/helpers/flacheRequest.js","statementMap":{"0":{"start":{"line":1,"column":23},"end":{"line":12,"column":1}},"1":{"start":{"line":21,"column":22},"end":{"line":60,"column":1}},"2":{"start":{"line":22,"column":2},"end":{"line":25,"column":3}},"3":{"start":{"line":27,"column":18},"end":{"line":27,"column":48}},"4":{"start":{"line":30,"column":22},"end":{"line":36,"column":22}},"5":{"start":{"line":32,"column":6},"end":{"line":32,"column":30}},"6":{"start":{"line":32,"column":18},"end":{"line":32,"column":30}},"7":{"start":{"line":34,"column":6},"end":{"line":34,"column":50}},"8":{"start":{"line":36,"column":18},"end":{"line":36,"column":21}},"9":{"start":{"line":42,"column":2},"end":{"line":57,"column":3}},"10":{"start":{"line":44,"column":22},"end":{"line":44,"column":62}},"11":{"start":{"line":47,"column":4},"end":{"line":49,"column":5}},"12":{"start":{"line":48,"column":6},"end":{"line":48,"column":18}},"13":{"start":{"line":52,"column":4},"end":{"line":52,"column":41}},"14":{"start":{"line":54,"column":4},"end":{"line":54,"column":51}},"15":{"start":{"line":56,"column":4},"end":{"line":56,"column":40}},"16":{"start":{"line":59,"column":2},"end":{"line":59,"column":40}},"17":{"start":{"line":67,"column":4},"end":{"line":67,"column":22}},"18":{"start":{"line":68,"column":4},"end":{"line":68,"column":48}},"19":{"start":{"line":69,"column":4},"end":{"line":69,"column":31}},"20":{"start":{"line":70,"column":4},"end":{"line":70,"column":40}},"21":{"start":{"line":74,"column":4},"end":{"line":74,"column":21}},"22":{"start":{"line":78,"column":4},"end":{"line":78,"column":28}},"23":{"start":{"line":82,"column":4},"end":{"line":82,"column":22}},"24":{"start":{"line":86,"column":13},"end":{"line":86,"column":45}},"25":{"start":{"line":88,"column":13},"end":{"line":95,"column":1}},"26":{"start":{"line":98,"column":17},"end":{"line":98,"column":50}},"27":{"start":{"line":100,"column":0},"end":{"line":100,"column":29}},"28":{"start":{"line":103,"column":26},"end":{"line":132,"column":1}},"29":{"start":{"line":104,"column":15},"end":{"line":107,"column":3}},"30":{"start":{"line":124,"column":25},"end":{"line":124,"column":85}},"31":{"start":{"line":131,"column":2},"end":{"line":131,"column":24}}},"fnMap":{"0":{"name":"(anonymous_0)","decl":{"start":{"line":21,"column":22},"end":{"line":21,"column":23}},"loc":{"start":{"line":21,"column":52},"end":{"line":60,"column":1}},"line":21},"1":{"name":"(anonymous_1)","decl":{"start":{"line":31,"column":10},"end":{"line":31,"column":11}},"loc":{"start":{"line":31,"column":21},"end":{"line":35,"column":5}},"line":31},"2":{"name":"(anonymous_2)","decl":{"start":{"line":36,"column":11},"end":{"line":36,"column":12}},"loc":{"start":{"line":36,"column":18},"end":{"line":36,"column":21}},"line":36},"3":{"name":"(anonymous_3)","decl":{"start":{"line":66,"column":2},"end":{"line":66,"column":3}},"loc":{"start":{"line":66,"column":26},"end":{"line":71,"column":3}},"line":66},"4":{"name":"(anonymous_4)","decl":{"start":{"line":73,"column":2},"end":{"line":73,"column":3}},"loc":{"start":{"line":73,"column":12},"end":{"line":75,"column":3}},"line":73},"5":{"name":"(anonymous_5)","decl":{"start":{"line":77,"column":2},"end":{"line":77,"column":3}},"loc":{"start":{"line":77,"column":19},"end":{"line":79,"column":3}},"line":77},"6":{"name":"(anonymous_6)","decl":{"start":{"line":81,"column":2},"end":{"line":81,"column":3}},"loc":{"start":{"line":81,"column":13},"end":{"line":83,"column":3}},"line":81},"7":{"name":"(anonymous_7)","decl":{"start":{"line":103,"column":26},"end":{"line":103,"column":27}},"loc":{"start":{"line":103,"column":37},"end":{"line":132,"column":1}},"line":103}},"branchMap":{"0":{"loc":{"start":{"line":32,"column":6},"end":{"line":32,"column":30}},"type":"if","locations":[{"start":{"line":32,"column":6},"end":{"line":32,"column":30}},{"start":{},"end":{}}],"line":32},"1":{"loc":{"start":{"line":42,"column":2},"end":{"line":57,"column":3}},"type":"if","locations":[{"start":{"line":42,"column":2},"end":{"line":57,"column":3}},{"start":{},"end":{}}],"line":42},"2":{"loc":{"start":{"line":47,"column":4},"end":{"line":49,"column":5}},"type":"if","locations":[{"start":{"line":47,"column":4},"end":{"line":49,"column":5}},{"start":{},"end":{}}],"line":47},"3":{"loc":{"start":{"line":68,"column":23},"end":{"line":68,"column":47}},"type":"binary-expr","locations":[{"start":{"line":68,"column":23},"end":{"line":68,"column":38}},{"start":{"line":68,"column":42},"end":{"line":68,"column":47}}],"line":68},"4":{"loc":{"start":{"line":69,"column":16},"end":{"line":69,"column":30}},"type":"binary-expr","locations":[{"start":{"line":69,"column":16},"end":{"line":69,"column":24}},{"start":{"line":69,"column":28},"end":{"line":69,"column":30}}],"line":69},"5":{"loc":{"start":{"line":70,"column":17},"end":{"line":70,"column":39}},"type":"binary-expr","locations":[{"start":{"line":70,"column":17},"end":{"line":70,"column":26}},{"start":{"line":70,"column":30},"end":{"line":70,"column":39}}],"line":70}},"s":{"0":3,"1":3,"2":9,"3":9,"4":9,"5":9,"6":7,"7":2,"8":0,"9":9,"10":7,"11":7,"12":3,"13":4,"14":4,"15":4,"16":2,"17":9,"18":9,"19":9,"20":9,"21":3,"22":3,"23":0,"24":3,"25":3,"26":3,"27":3,"28":3,"29":6,"30":6,"31":6},"f":{"0":9,"1":9,"2":0,"3":9,"4":3,"5":3,"6":0,"7":6},"b":{"0":[7,2],"1":[7,2],"2":[3,4],"3":[9,6],"4":[9,6],"5":[9,6]},"_coverageSchema":"1a1c01bbd47fc00a2c39e90264f33305004495a9","hash":"c73f6df597d9af65455265002b8639f52cc1fe4a"}
,"/Users/jacobpolicano/OSP/flachejs/src/helpers/generateKey.js": {"path":"/Users/jacobpolicano/OSP/flachejs/src/helpers/generateKey.js","statementMap":{"0":{"start":{"line":11,"column":20},"end":{"line":21,"column":1}},"1":{"start":{"line":13,"column":17},"end":{"line":13,"column":42}},"2":{"start":{"line":14,"column":2},"end":{"line":16,"column":3}},"3":{"start":{"line":15,"column":4},"end":{"line":15,"column":32}},"4":{"start":{"line":17,"column":2},"end":{"line":20,"column":3}},"5":{"start":{"line":18,"column":4},"end":{"line":18,"column":95}},"6":{"start":{"line":18,"column":38},"end":{"line":18,"column":95}},"7":{"start":{"line":19,"column":4},"end":{"line":19,"column":66}}},"fnMap":{"0":{"name":"(anonymous_0)","decl":{"start":{"line":11,"column":20},"end":{"line":11,"column":21}},"loc":{"start":{"line":11,"column":35},"end":{"line":21,"column":1}},"line":11}},"branchMap":{"0":{"loc":{"start":{"line":14,"column":2},"end":{"line":16,"column":3}},"type":"if","locations":[{"start":{"line":14,"column":2},"end":{"line":16,"column":3}},{"start":{},"end":{}}],"line":14},"1":{"loc":{"start":{"line":17,"column":2},"end":{"line":20,"column":3}},"type":"if","locations":[{"start":{"line":17,"column":2},"end":{"line":20,"column":3}},{"start":{},"end":{}}],"line":17},"2":{"loc":{"start":{"line":18,"column":4},"end":{"line":18,"column":95}},"type":"if","locations":[{"start":{"line":18,"column":4},"end":{"line":18,"column":95}},{"start":{},"end":{}}],"line":18}},"s":{"0":4,"1":19,"2":19,"3":11,"4":8,"5":8,"6":2,"7":6},"f":{"0":19},"b":{"0":[11,8],"1":[8,0],"2":[2,6]},"_coverageSchema":"1a1c01bbd47fc00a2c39e90264f33305004495a9","hash":"a78bdc2ccffc96849f739943172ab309989be4b1"}
,"/Users/jacobpolicano/OSP/flachejs/src/helpers/serverRequest.js": {"path":"/Users/jacobpolicano/OSP/flachejs/src/helpers/serverRequest.js","statementMap":{"0":{"start":{"line":11,"column":2},"end":{"line":11,"column":41}},"1":{"start":{"line":13,"column":17},"end":{"line":19,"column":58}},"2":{"start":{"line":15,"column":6},"end":{"line":15,"column":46}},"3":{"start":{"line":16,"column":28},"end":{"line":16,"column":46}},"4":{"start":{"line":17,"column":6},"end":{"line":17,"column":27}},"5":{"start":{"line":19,"column":18},"end":{"line":19,"column":57}},"6":{"start":{"line":20,"column":2},"end":{"line":20,"column":18}},"7":{"start":{"line":31,"column":23},"end":{"line":31,"column":40}},"8":{"start":{"line":32,"column":19},"end":{"line":32,"column":39}},"9":{"start":{"line":34,"column":2},"end":{"line":34,"column":57}},"10":{"start":{"line":34,"column":17},"end":{"line":34,"column":57}},"11":{"start":{"line":36,"column":2},"end":{"line":36,"column":52}},"12":{"start":{"line":41,"column":2},"end":{"line":47,"column":3}},"13":{"start":{"line":42,"column":17},"end":{"line":42,"column":57}},"14":{"start":{"line":43,"column":4},"end":{"line":43,"column":15}},"15":{"start":{"line":45,"column":4},"end":{"line":45,"column":29}},"16":{"start":{"line":46,"column":4},"end":{"line":46,"column":26}},"17":{"start":{"line":52,"column":2},"end":{"line":58,"column":3}},"18":{"start":{"line":53,"column":17},"end":{"line":53,"column":57}},"19":{"start":{"line":54,"column":4},"end":{"line":54,"column":15}},"20":{"start":{"line":56,"column":4},"end":{"line":56,"column":29}},"21":{"start":{"line":57,"column":4},"end":{"line":57,"column":26}},"22":{"start":{"line":62,"column":2},"end":{"line":68,"column":3}},"23":{"start":{"line":63,"column":17},"end":{"line":63,"column":57}},"24":{"start":{"line":64,"column":4},"end":{"line":64,"column":15}},"25":{"start":{"line":66,"column":4},"end":{"line":66,"column":29}},"26":{"start":{"line":67,"column":4},"end":{"line":67,"column":33}},"27":{"start":{"line":72,"column":2},"end":{"line":78,"column":3}},"28":{"start":{"line":73,"column":17},"end":{"line":73,"column":66}},"29":{"start":{"line":74,"column":4},"end":{"line":74,"column":15}},"30":{"start":{"line":76,"column":4},"end":{"line":76,"column":29}},"31":{"start":{"line":77,"column":4},"end":{"line":77,"column":16}},"32":{"start":{"line":83,"column":2},"end":{"line":83,"column":81}},"33":{"start":{"line":83,"column":34},"end":{"line":83,"column":81}},"34":{"start":{"line":85,"column":17},"end":{"line":85,"column":19}},"35":{"start":{"line":86,"column":2},"end":{"line":98,"column":3}},"36":{"start":{"line":89,"column":4},"end":{"line":89,"column":71}},"37":{"start":{"line":89,"column":62},"end":{"line":89,"column":71}},"38":{"start":{"line":93,"column":4},"end":{"line":96,"column":5}},"39":{"start":{"line":94,"column":6},"end":{"line":94,"column":42}},"40":{"start":{"line":95,"column":6},"end":{"line":95,"column":15}},"41":{"start":{"line":97,"column":4},"end":{"line":97,"column":27}},"42":{"start":{"line":99,"column":2},"end":{"line":99,"column":16}},"43":{"start":{"line":103,"column":18},"end":{"line":103,"column":34}},"44":{"start":{"line":105,"column":17},"end":{"line":105,"column":19}},"45":{"start":{"line":107,"column":2},"end":{"line":109,"column":3}},"46":{"start":{"line":108,"column":4},"end":{"line":108,"column":24}},"47":{"start":{"line":111,"column":2},"end":{"line":111,"column":15}}},"fnMap":{"0":{"name":"getFetchRequest","decl":{"start":{"line":10,"column":15},"end":{"line":10,"column":30}},"loc":{"start":{"line":10,"column":45},"end":{"line":21,"column":1}},"line":10},"1":{"name":"(anonymous_1)","decl":{"start":{"line":14,"column":10},"end":{"line":14,"column":11}},"loc":{"start":{"line":14,"column":17},"end":{"line":18,"column":5}},"line":14},"2":{"name":"(anonymous_2)","decl":{"start":{"line":19,"column":11},"end":{"line":19,"column":12}},"loc":{"start":{"line":19,"column":18},"end":{"line":19,"column":57}},"line":19},"3":{"name":"parseResponse","decl":{"start":{"line":30,"column":15},"end":{"line":30,"column":28}},"loc":{"start":{"line":30,"column":40},"end":{"line":37,"column":1}},"line":30},"4":{"name":"parseJSON","decl":{"start":{"line":40,"column":15},"end":{"line":40,"column":24}},"loc":{"start":{"line":40,"column":30},"end":{"line":48,"column":1}},"line":40},"5":{"name":"parseText","decl":{"start":{"line":51,"column":15},"end":{"line":51,"column":24}},"loc":{"start":{"line":51,"column":30},"end":{"line":59,"column":1}},"line":51},"6":{"name":"parseBlob","decl":{"start":{"line":61,"column":15},"end":{"line":61,"column":24}},"loc":{"start":{"line":61,"column":30},"end":{"line":69,"column":1}},"line":61},"7":{"name":"parseArrayBuffer","decl":{"start":{"line":71,"column":15},"end":{"line":71,"column":31}},"loc":{"start":{"line":71,"column":37},"end":{"line":79,"column":1}},"line":71},"8":{"name":"copyResponse","decl":{"start":{"line":82,"column":9},"end":{"line":82,"column":21}},"loc":{"start":{"line":82,"column":44},"end":{"line":100,"column":1}},"line":82},"9":{"name":"copyHeaders","decl":{"start":{"line":102,"column":9},"end":{"line":102,"column":20}},"loc":{"start":{"line":102,"column":29},"end":{"line":112,"column":1}},"line":102}},"branchMap":{"0":{"loc":{"start":{"line":34,"column":2},"end":{"line":34,"column":57}},"type":"if","locations":[{"start":{"line":34,"column":2},"end":{"line":34,"column":57}},{"start":{},"end":{}}],"line":34},"1":{"loc":{"start":{"line":82,"column":27},"end":{"line":82,"column":42}},"type":"default-arg","locations":[{"start":{"line":82,"column":34},"end":{"line":82,"column":42}}],"line":82},"2":{"loc":{"start":{"line":83,"column":2},"end":{"line":83,"column":81}},"type":"if","locations":[{"start":{"line":83,"column":2},"end":{"line":83,"column":81}},{"start":{},"end":{}}],"line":83},"3":{"loc":{"start":{"line":89,"column":4},"end":{"line":89,"column":71}},"type":"if","locations":[{"start":{"line":89,"column":4},"end":{"line":89,"column":71}},{"start":{},"end":{}}],"line":89},"4":{"loc":{"start":{"line":89,"column":8},"end":{"line":89,"column":60}},"type":"binary-expr","locations":[{"start":{"line":89,"column":8},"end":{"line":89,"column":26}},{"start":{"line":89,"column":30},"end":{"line":89,"column":60}}],"line":89},"5":{"loc":{"start":{"line":93,"column":4},"end":{"line":96,"column":5}},"type":"if","locations":[{"start":{"line":93,"column":4},"end":{"line":96,"column":5}},{"start":{},"end":{}}],"line":93}},"s":{"0":7,"1":7,"2":7,"3":7,"4":7,"5":3,"6":7,"7":7,"8":7,"9":7,"10":3,"11":4,"12":7,"13":7,"14":4,"15":3,"16":3,"17":3,"18":3,"19":0,"20":3,"21":3,"22":3,"23":3,"24":0,"25":3,"26":3,"27":3,"28":3,"29":0,"30":3,"31":3,"32":7,"33":0,"34":7,"35":7,"36":119,"37":56,"38":63,"39":7,"40":7,"41":56,"42":7,"43":7,"44":7,"45":7,"46":7,"47":7},"f":{"0":7,"1":7,"2":3,"3":7,"4":7,"5":3,"6":3,"7":3,"8":7,"9":7},"b":{"0":[3,4],"1":[7],"2":[0,7],"3":[56,63],"4":[119,112],"5":[7,56]},"_coverageSchema":"1a1c01bbd47fc00a2c39e90264f33305004495a9","hash":"386669bff93de309db2dc38e34cc4d387f9772ec"}
,"/Users/jacobpolicano/OSP/flachejs/src/helpers/validateCache.js": {"path":"/Users/jacobpolicano/OSP/flachejs/src/helpers/validateCache.js","statementMap":{"0":{"start":{"line":9,"column":2},"end":{"line":14,"column":21}},"1":{"start":{"line":10,"column":4},"end":{"line":10,"column":39}},"2":{"start":{"line":12,"column":4},"end":{"line":12,"column":43}},"3":{"start":{"line":13,"column":4},"end":{"line":13,"column":16}},"4":{"start":{"line":14,"column":9},"end":{"line":14,"column":21}}},"fnMap":{"0":{"name":"validateCache","decl":{"start":{"line":7,"column":15},"end":{"line":7,"column":28}},"loc":{"start":{"line":7,"column":46},"end":{"line":15,"column":1}},"line":7}},"branchMap":{"0":{"loc":{"start":{"line":9,"column":2},"end":{"line":14,"column":21}},"type":"if","locations":[{"start":{"line":9,"column":2},"end":{"line":14,"column":21}},{"start":{"line":14,"column":9},"end":{"line":14,"column":21}}],"line":9}},"s":{"0":5,"1":1,"2":1,"3":1,"4":4},"f":{"0":5},"b":{"0":[1,4]},"_coverageSchema":"1a1c01bbd47fc00a2c39e90264f33305004495a9","hash":"8d26aa2425d9ad8aad9a9c1b565c23f8f9127083"}
}
