TN:
SF:src/flache.js
FN:37,(anonymous_0)
FN:65,(anonymous_1)
FN:76,(anonymous_2)
FN:78,(anonymous_3)
FN:87,(anonymous_4)
FNF:5
FNH:1
FNDA:3,(anonymous_0)
FNDA:0,(anonymous_1)
FNDA:0,(anonymous_2)
FNDA:0,(anonymous_3)
FNDA:0,(anonymous_4)
DA:14,3
DA:41,3
DA:48,3
DA:56,3
DA:57,3
DA:58,3
DA:66,0
DA:67,0
DA:77,0
DA:78,0
DA:79,0
DA:80,0
DA:83,0
DA:88,0
DA:92,0
DA:97,3
DA:98,3
DA:99,3
DA:100,3
LF:19
LH:10
BRDA:37,0,0,2
BRDA:56,1,0,3
BRDA:56,1,1,0
BRDA:79,2,0,0
BRDA:79,2,1,0
BRDA:87,3,0,0
BRDA:88,4,0,0
BRDA:88,4,1,0
BRF:8
BRH:2
end_of_record
TN:
SF:src/helpers/flacheRequest.js
FN:21,(anonymous_0)
FN:31,(anonymous_1)
FN:36,(anonymous_2)
FN:66,(anonymous_3)
FN:73,(anonymous_4)
FN:77,(anonymous_5)
FN:81,(anonymous_6)
FN:103,(anonymous_7)
FNF:8
FNH:6
FNDA:9,(anonymous_0)
FNDA:9,(anonymous_1)
FNDA:0,(anonymous_2)
FNDA:9,(anonymous_3)
FNDA:3,(anonymous_4)
FNDA:3,(anonymous_5)
FNDA:0,(anonymous_6)
FNDA:6,(anonymous_7)
DA:1,3
DA:21,3
DA:22,9
DA:27,9
DA:30,9
DA:32,9
DA:34,2
DA:36,0
DA:42,9
DA:44,7
DA:47,7
DA:48,3
DA:52,4
DA:54,4
DA:56,4
DA:59,2
DA:67,9
DA:68,9
DA:69,9
DA:70,9
DA:74,3
DA:78,3
DA:82,0
DA:86,3
DA:88,3
DA:98,3
DA:100,3
DA:103,3
DA:104,6
DA:124,6
DA:131,6
LF:31
LH:29
BRDA:32,0,0,7
BRDA:32,0,1,2
BRDA:42,1,0,7
BRDA:42,1,1,2
BRDA:47,2,0,3
BRDA:47,2,1,4
BRDA:68,3,0,9
BRDA:68,3,1,6
BRDA:69,4,0,9
BRDA:69,4,1,6
BRDA:70,5,0,9
BRDA:70,5,1,6
BRF:12
BRH:12
end_of_record
TN:
SF:src/helpers/generateKey.js
FN:11,(anonymous_0)
FNF:1
FNH:1
FNDA:19,(anonymous_0)
DA:11,4
DA:13,19
DA:14,19
DA:15,11
DA:17,8
DA:18,8
DA:19,6
LF:7
LH:7
BRDA:14,0,0,11
BRDA:14,0,1,8
BRDA:17,1,0,8
BRDA:17,1,1,0
BRDA:18,2,0,2
BRDA:18,2,1,6
BRF:6
BRH:5
end_of_record
TN:
SF:src/helpers/serverRequest.js
FN:10,getFetchRequest
FN:14,(anonymous_1)
FN:19,(anonymous_2)
FN:30,parseResponse
FN:40,parseJSON
FN:51,parseText
FN:61,parseBlob
FN:71,parseArrayBuffer
FN:82,copyResponse
FN:102,copyHeaders
FNF:10
FNH:10
FNDA:7,getFetchRequest
FNDA:7,(anonymous_1)
FNDA:3,(anonymous_2)
FNDA:7,parseResponse
FNDA:7,parseJSON
FNDA:3,parseText
FNDA:3,parseBlob
FNDA:3,parseArrayBuffer
FNDA:7,copyResponse
FNDA:7,copyHeaders
DA:11,7
DA:13,7
DA:15,7
DA:16,7
DA:17,7
DA:19,3
DA:20,7
DA:31,7
DA:32,7
DA:34,7
DA:36,4
DA:41,7
DA:42,7
DA:43,4
DA:45,3
DA:46,3
DA:52,3
DA:53,3
DA:54,0
DA:56,3
DA:57,3
DA:62,3
DA:63,3
DA:64,0
DA:66,3
DA:67,3
DA:72,3
DA:73,3
DA:74,0
DA:76,3
DA:77,3
DA:83,7
DA:85,7
DA:86,7
DA:89,119
DA:93,63
DA:94,7
DA:95,7
DA:97,56
DA:99,7
DA:103,7
DA:105,7
DA:107,7
DA:108,7
DA:111,7
LF:45
LH:42
BRDA:34,0,0,3
BRDA:34,0,1,4
BRDA:82,1,0,7
BRDA:83,2,0,0
BRDA:83,2,1,7
BRDA:89,3,0,56
BRDA:89,3,1,63
BRDA:89,4,0,119
BRDA:89,4,1,112
BRDA:93,5,0,7
BRDA:93,5,1,56
BRF:11
BRH:10
end_of_record
TN:
SF:src/helpers/validateCache.js
FN:7,validateCache
FNF:1
FNH:1
FNDA:5,validateCache
DA:9,5
DA:10,1
DA:12,1
DA:13,1
DA:14,4
LF:5
LH:5
BRDA:9,0,0,1
BRDA:9,0,1,4
BRF:2
BRH:2
end_of_record
