TN:
SF:src/flache.js
FN:34,(anonymous_0)
FN:56,(anonymous_1)
FN:62,(anonymous_2)
FN:64,(anonymous_3)
FN:73,(anonymous_4)
FNF:5
FNH:0
FNDA:0,(anonymous_0)
FNDA:0,(anonymous_1)
FNDA:0,(anonymous_2)
FNDA:0,(anonymous_3)
FNDA:0,(anonymous_4)
DA:18,1
DA:37,0
DA:43,0
DA:50,0
DA:51,0
DA:52,0
DA:57,0
DA:58,0
DA:63,0
DA:64,0
DA:65,0
DA:66,0
DA:69,0
DA:74,0
DA:78,0
DA:82,1
DA:83,1
DA:84,1
DA:85,1
LF:19
LH:5
BRDA:34,0,0,0
BRDA:50,1,0,0
BRDA:50,1,1,0
BRDA:65,2,0,0
BRDA:65,2,1,0
BRDA:73,3,0,0
BRDA:74,4,0,0
BRDA:74,4,1,0
BRF:8
BRH:0
end_of_record
TN:
SF:src/helpers/flacheRequest.js
FN:25,(anonymous_0)
FN:34,(anonymous_1)
FN:39,(anonymous_2)
FNF:3
FNH:0
FNDA:0,(anonymous_0)
FNDA:0,(anonymous_1)
FNDA:0,(anonymous_2)
DA:9,2
DA:25,2
DA:26,0
DA:31,0
DA:33,0
DA:35,0
DA:37,0
DA:39,0
DA:44,0
DA:45,0
DA:46,0
DA:49,0
DA:50,0
DA:53,0
DA:54,0
DA:56,0
DA:59,0
LF:17
LH:2
BRDA:35,0,0,0
BRDA:35,0,1,0
BRDA:44,1,0,0
BRDA:44,1,1,0
BRDA:49,2,0,0
BRDA:49,2,1,0
BRF:6
BRH:0
end_of_record
TN:
SF:src/helpers/generateKey.js
FN:30,(anonymous_0)
FNF:1
FNH:1
FNDA:10,(anonymous_0)
DA:30,3
DA:32,10
DA:33,10
DA:34,3
DA:36,7
DA:37,7
DA:38,5
LF:7
LH:7
BRDA:33,0,0,3
BRDA:33,0,1,7
BRDA:36,1,0,7
BRDA:36,1,1,0
BRDA:37,2,0,2
BRDA:37,2,1,5
BRF:6
BRH:5
end_of_record
TN:
SF:src/helpers/serverRequest.js
FN:7,getFetchRequest
FN:11,(anonymous_1)
FN:12,(anonymous_2)
FN:17,parseResponse
FN:28,parseText
FN:38,parseBlob
FN:48,parseArrayBuffer
FNF:7
FNH:0
FNDA:0,getFetchRequest
FNDA:0,(anonymous_1)
FNDA:0,(anonymous_2)
FNDA:0,parseResponse
FNDA:0,parseText
FNDA:0,parseBlob
FNDA:0,parseArrayBuffer
DA:8,0
DA:10,0
DA:11,0
DA:12,0
DA:13,0
DA:18,0
DA:19,0
DA:20,0
DA:22,0
DA:23,0
DA:29,0
DA:30,0
DA:31,0
DA:33,0
DA:34,0
DA:39,0
DA:40,0
DA:41,0
DA:43,0
DA:44,0
DA:49,0
DA:50,0
DA:51,0
DA:53,0
DA:54,0
LF:25
LH:0
BRF:0
BRH:0
end_of_record
TN:
SF:src/helpers/validateCache.js
FN:7,validateCache
FNF:1
FNH:1
FNDA:2,validateCache
DA:9,2
DA:10,0
DA:12,0
DA:13,0
DA:14,2
LF:5
LH:2
BRDA:9,0,0,0
BRDA:9,0,1,2
BRF:2
BRH:1
end_of_record
